  Source.cpp
c:\users\itus9\onedrive\escritorio\aa4 xarxes\aa4_xarxes\aa4\gameclient\graphics.h(31): warning C4244: '=': conversión de 'int' a 'T'; posible pérdida de datos
          with
          [
              T=float
          ]
c:\users\itus9\onedrive\escritorio\aa4 xarxes\aa4_xarxes\aa4\gameclient\graphics.h(32): warning C4244: '=': conversión de 'int' a 'T'; posible pérdida de datos
          with
          [
              T=float
          ]
c:\users\itus9\onedrive\escritorio\aa4 xarxes\aa4_xarxes\aa4\gameclient\graphics.h(33): warning C4244: '=': conversión de 'int' a 'T'; posible pérdida de datos
          with
          [
              T=float
          ]
c:\users\itus9\onedrive\escritorio\aa4 xarxes\aa4_xarxes\aa4\gameclient\graphics.h(34): warning C4244: '=': conversión de 'int' a 'T'; posible pérdida de datos
          with
          [
              T=float
          ]
c:\users\itus9\onedrive\escritorio\aa4 xarxes\aa4_xarxes\aa4\gameclient\graphics.h(42): warning C4244: 'inicializando': conversión de 'T' a 'int'; posible pérdida de datos
          with
          [
              T=float
          ]
c:\users\itus9\onedrive\escritorio\aa4 xarxes\aa4_xarxes\aa4\gameclient\graphics.h(42): warning C4244: '=': conversión de 'float' a 'int'; posible pérdida de datos
c:\users\itus9\onedrive\escritorio\aa4 xarxes\aa4_xarxes\aa4\gameclient\graphics.h(44): warning C4244: 'inicializando': conversión de 'T' a 'int'; posible pérdida de datos
          with
          [
              T=float
          ]
c:\users\itus9\onedrive\escritorio\aa4 xarxes\aa4_xarxes\aa4\gameclient\graphics.h(44): warning C4244: '=': conversión de 'float' a 'int'; posible pérdida de datos
c:\users\itus9\onedrive\escritorio\aa4 xarxes\aa4_xarxes\aa4\gameclient\graphics.h(46): warning C4244: 'argumento': conversión de 'int' a 'T'; posible pérdida de datos
          with
          [
              T=float
          ]
c:\users\itus9\onedrive\escritorio\aa4 xarxes\aa4_xarxes\aa4\gameclient\source.cpp(66): warning C4552: "!=": el resultado de la expresión no se usa
c:\users\itus9\onedrive\escritorio\aa4 xarxes\aa4_xarxes\aa4\gameclient\source.cpp(180): warning C4552: "!=": el resultado de la expresión no se usa
c:\users\itus9\onedrive\escritorio\aa4 xarxes\aa4_xarxes\aa4\gameclient\source.cpp(217): warning C4552: "!=": el resultado de la expresión no se usa
c:\users\itus9\onedrive\escritorio\aa4 xarxes\aa4_xarxes\aa4\gameclient\source.cpp(262): warning C4244: '+=': conversión de 'float' a 'int'; posible pérdida de datos
  GameClient.vcxproj -> C:\Users\itus9\OneDrive\Escritorio\AA4 Xarxes\AA4_Xarxes\AA4\x64\Debug\GameClient.exe
